# JRE version: Java(TM) SE Runtime Environment (8.0_221-b11) (build 1.8.0_221-b11)
# Java VM: Java HotSpot(TM) 64-Bit Server VM (25.221-b11 mixed mode windows-amd64 compressed oops)
Heap:
 PSYoungGen      total 137728K, used 2529K [0x000000076ba00000, 0x0000000775680000, 0x00000007c0000000)
  eden space 126464K, 2% used [0x000000076ba00000,0x000000076bc785d8,0x0000000773580000)
  from space 11264K, 0% used [0x0000000774b80000,0x0000000774b80000,0x0000000775680000)
  to   space 10752K, 0% used [0x0000000773580000,0x0000000773580000,0x0000000774000000)
 ParOldGen       total 104960K, used 13263K [0x00000006c2e00000, 0x00000006c9480000, 0x000000076ba00000)
  object space 104960K, 12% used [0x00000006c2e00000,0x00000006c3af3ff0,0x00000006c9480000)
 Metaspace       used 33175K, capacity 35464K, committed 35672K, reserved 1081344K
  class space    used 4291K, capacity 4682K, committed 4696K, reserved 1048576K
GC Heap History (10 events):
Event: 1.519 GC heap before
{Heap before GC invocations=4 (full 1):
 PSYoungGen      total 75776K, used 6837K [0x000000076ba00000, 0x0000000774e00000, 0x00000007c0000000)
  eden space 65024K, 0% used [0x000000076ba00000,0x000000076ba00000,0x000000076f980000)
  from space 10752K, 63% used [0x000000076f980000,0x000000077002d658,0x0000000770400000)
  to   space 10752K, 0% used [0x0000000774380000,0x0000000774380000,0x0000000774e00000)
 ParOldGen       total 173568K, used 187K [0x00000006c2e00000, 0x00000006cd780000, 0x000000076ba00000)
  object space 173568K, 0% used [0x00000006c2e00000,0x00000006c2e2ef98,0x00000006cd780000)
 Metaspace       used 20205K, capacity 21100K, committed 21248K, reserved 1067008K
  class space    used 2516K, capacity 2722K, committed 2816K, reserved 1048576K
Event: 1.548 GC heap after
Heap after GC invocations=4 (full 1):
 PSYoungGen      total 75776K, used 0K [0x000000076ba00000, 0x0000000774e00000, 0x00000007c0000000)
  eden space 65024K, 0% used [0x000000076ba00000,0x000000076ba00000,0x000000076f980000)
  from space 10752K, 0% used [0x000000076f980000,0x000000076f980000,0x0000000770400000)
  to   space 10752K, 0% used [0x0000000774380000,0x0000000774380000,0x0000000774e00000)
 ParOldGen       total 104960K, used 6658K [0x00000006c2e00000, 0x00000006c9480000, 0x000000076ba00000)
  object space 104960K, 6% used [0x00000006c2e00000,0x00000006c3480938,0x00000006c9480000)
 Metaspace       used 20205K, capacity 21100K, committed 21248K, reserved 1067008K
  class space    used 2516K, capacity 2722K, committed 2816K, reserved 1048576K
}
Event: 2.163 GC heap before
{Heap before GC invocations=5 (full 1):
 PSYoungGen      total 75776K, used 65024K [0x000000076ba00000, 0x0000000774e00000, 0x00000007c0000000)
  eden space 65024K, 100% used [0x000000076ba00000,0x000000076f980000,0x000000076f980000)
  from space 10752K, 0% used [0x000000076f980000,0x000000076f980000,0x0000000770400000)
  to   space 10752K, 0% used [0x0000000774380000,0x0000000774380000,0x0000000774e00000)
 ParOldGen       total 104960K, used 6658K [0x00000006c2e00000, 0x00000006c9480000, 0x000000076ba00000)
  object space 104960K, 6% used [0x00000006c2e00000,0x00000006c3480938,0x00000006c9480000)
 Metaspace       used 24479K, capacity 25760K, committed 25984K, reserved 1071104K
  class space    used 3106K, capacity 3364K, committed 3456K, reserved 1048576K
Event: 2.170 GC heap after
Heap after GC invocations=5 (full 1):
 PSYoungGen      total 102912K, used 6938K [0x000000076ba00000, 0x0000000774a80000, 0x00000007c0000000)
  eden space 95744K, 0% used [0x000000076ba00000,0x000000076ba00000,0x0000000771780000)
  from space 7168K, 96% used [0x0000000774380000,0x0000000774a468f0,0x0000000774a80000)
  to   space 10752K, 0% used [0x0000000773580000,0x0000000773580000,0x0000000774000000)
 ParOldGen       total 104960K, used 6666K [0x00000006c2e00000, 0x00000006c9480000, 0x000000076ba00000)
  object space 104960K, 6% used [0x00000006c2e00000,0x00000006c3482938,0x00000006c9480000)
 Metaspace       used 24479K, capacity 25760K, committed 25984K, reserved 1071104K
  class space    used 3106K, capacity 3364K, committed 3456K, reserved 1048576K
}
Event: 2.995 GC heap before
{Heap before GC invocations=6 (full 1):
 PSYoungGen      total 102912K, used 102682K [0x000000076ba00000, 0x0000000774a80000, 0x00000007c0000000)
  eden space 95744K, 100% used [0x000000076ba00000,0x0000000771780000,0x0000000771780000)
  from space 7168K, 96% used [0x0000000774380000,0x0000000774a468f0,0x0000000774a80000)
  to   space 10752K, 0% used [0x0000000773580000,0x0000000773580000,0x0000000774000000)
 ParOldGen       total 104960K, used 6666K [0x00000006c2e00000, 0x00000006c9480000, 0x000000076ba00000)
  object space 104960K, 6% used [0x00000006c2e00000,0x00000006c3482938,0x00000006c9480000)
 Metaspace       used 29220K, capacity 31080K, committed 31232K, reserved 1077248K
  class space    used 3737K, capacity 4060K, committed 4096K, reserved 1048576K
Event: 3.001 GC heap after
Heap after GC invocations=6 (full 1):
 PSYoungGen      total 137216K, used 8437K [0x000000076ba00000, 0x0000000775680000, 0x00000007c0000000)
  eden space 126464K, 0% used [0x000000076ba00000,0x000000076ba00000,0x0000000773580000)
  from space 10752K, 78% used [0x0000000773580000,0x0000000773dbd5e8,0x0000000774000000)
  to   space 11264K, 0% used [0x0000000774b80000,0x0000000774b80000,0x0000000775680000)
 ParOldGen       total 104960K, used 6674K [0x00000006c2e00000, 0x00000006c9480000, 0x000000076ba00000)
  object space 104960K, 6% used [0x00000006c2e00000,0x00000006c3484938,0x00000006c9480000)
 Metaspace       used 29220K, capacity 31080K, committed 31232K, reserved 1077248K
  class space    used 3737K, capacity 4060K, committed 4096K, reserved 1048576K
}
Event: 25.093 GC heap before
{Heap before GC invocations=7 (full 1):
 PSYoungGen      total 137216K, used 58877K [0x000000076ba00000, 0x0000000775680000, 0x00000007c0000000)
  eden space 126464K, 39% used [0x000000076ba00000,0x000000076eb421a0,0x0000000773580000)
  from space 10752K, 78% used [0x0000000773580000,0x0000000773dbd5e8,0x0000000774000000)
  to   space 11264K, 0% used [0x0000000774b80000,0x0000000774b80000,0x0000000775680000)
 ParOldGen       total 104960K, used 6674K [0x00000006c2e00000, 0x00000006c9480000, 0x000000076ba00000)
  object space 104960K, 6% used [0x00000006c2e00000,0x00000006c3484938,0x00000006c9480000)
 Metaspace       used 33047K, capacity 35334K, committed 35416K, reserved 1079296K
  class space    used 4271K, capacity 4677K, committed 4696K, reserved 1048576K
Event: 25.102 GC heap after
Heap after GC invocations=7 (full 1):
 PSYoungGen      total 137728K, used 9413K [0x000000076ba00000, 0x0000000775680000, 0x00000007c0000000)
  eden space 126464K, 0% used [0x000000076ba00000,0x000000076ba00000,0x0000000773580000)
  from space 11264K, 83% used [0x0000000774b80000,0x00000007754b1678,0x0000000775680000)
  to   space 10752K, 0% used [0x0000000773580000,0x0000000773580000,0x0000000774000000)
 ParOldGen       total 104960K, used 6682K [0x00000006c2e00000, 0x00000006c9480000, 0x000000076ba00000)
  object space 104960K, 6% used [0x00000006c2e00000,0x00000006c3486938,0x00000006c9480000)
 Metaspace       used 33047K, capacity 35334K, committed 35416K, reserved 1079296K
  class space    used 4271K, capacity 4677K, committed 4696K, reserved 1048576K
}
Event: 25.102 GC heap before
{Heap before GC invocations=8 (full 2):
 PSYoungGen      total 137728K, used 9413K [0x000000076ba00000, 0x0000000775680000, 0x00000007c0000000)
  eden space 126464K, 0% used [0x000000076ba00000,0x000000076ba00000,0x0000000773580000)
  from space 11264K, 83% used [0x0000000774b80000,0x00000007754b1678,0x0000000775680000)
  to   space 10752K, 0% used [0x0000000773580000,0x0000000773580000,0x0000000774000000)
 ParOldGen       total 104960K, used 6682K [0x00000006c2e00000, 0x00000006c9480000, 0x000000076ba00000)
  object space 104960K, 6% used [0x00000006c2e00000,0x00000006c3486938,0x00000006c9480000)
 Metaspace       used 33047K, capacity 35334K, committed 35416K, reserved 1079296K
  class space    used 4271K, capacity 4677K, committed 4696K, reserved 1048576K
Event: 25.153 GC heap after
Heap after GC invocations=8 (full 2):
 PSYoungGen      total 137728K, used 0K [0x000000076ba00000, 0x0000000775680000, 0x00000007c0000000)
  eden space 126464K, 0% used [0x000000076ba00000,0x000000076ba00000,0x0000000773580000)
  from space 11264K, 0% used [0x0000000774b80000,0x0000000774b80000,0x0000000775680000)
  to   space 10752K, 0% used [0x0000000773580000,0x0000000773580000,0x0000000774000000)
 ParOldGen       total 104960K, used 13263K [0x00000006c2e00000, 0x00000006c9480000, 0x000000076ba00000)
  object space 104960K, 12% used [0x00000006c2e00000,0x00000006c3af3ff0,0x00000006c9480000)
 Metaspace       used 33044K, capacity 35322K, committed 35416K, reserved 1079296K
  class space    used 4270K, capacity 4675K, committed 4696K, reserved 1048576K
}

